# JRE version: Java(TM) SE Runtime Environment (8.0_144-b01) (build 1.8.0_144-b01)
# Java VM: Java HotSpot(TM) 64-Bit Server VM (25.144-b01 mixed mode bsd-amd64 compressed oops)
Heap:
 PSYoungGen      total 275968K, used 53366K [0x0000000715580000, 0x000000072e900000, 0x00000007c0000000)
  eden space 254464K, 16% used [0x0000000715580000,0x0000000717fa3ad8,0x0000000724e00000)
  from space 21504K, 47% used [0x0000000724e00000,0x00000007257f9d30,0x0000000726300000)
  to   space 16384K, 0% used [0x000000072d900000,0x000000072d900000,0x000000072e900000)
 ParOldGen       total 175104K, used 11324K [0x00000005c0000000, 0x00000005cab00000, 0x0000000715580000)
  object space 175104K, 6% used [0x00000005c0000000,0x00000005c0b0f270,0x00000005cab00000)
 Metaspace       used 25084K, capacity 26330K, committed 26496K, reserved 1073152K
  class space    used 3354K, capacity 3667K, committed 3712K, reserved 1048576K
GC Heap History (10 events):
Event: 1.207 GC heap before
{Heap before GC invocations=2 (full 0):
 PSYoungGen      total 153088K, used 136048K [0x0000000715580000, 0x0000000720000000, 0x00000007c0000000)
  eden space 131584K, 99% used [0x0000000715580000,0x000000071d5f32a0,0x000000071d600000)
  from space 21504K, 20% used [0x000000071d600000,0x000000071da68ec0,0x000000071eb00000)
  to   space 21504K, 0% used [0x000000071eb00000,0x000000071eb00000,0x0000000720000000)
 ParOldGen       total 349696K, used 16K [0x00000005c0000000, 0x00000005d5580000, 0x0000000715580000)
  object space 349696K, 0% used [0x00000005c0000000,0x00000005c0004000,0x00000005d5580000)
 Metaspace       used 15599K, capacity 16220K, committed 16256K, reserved 1062912K
  class space    used 2187K, capacity 2404K, committed 2432K, reserved 1048576K
Event: 1.210 GC heap after
Heap after GC invocations=2 (full 0):
 PSYoungGen      total 153088K, used 4446K [0x0000000715580000, 0x0000000728080000, 0x00000007c0000000)
  eden space 131584K, 0% used [0x0000000715580000,0x0000000715580000,0x000000071d600000)
  from space 21504K, 20% used [0x000000071eb00000,0x000000071ef57a70,0x0000000720000000)
  to   space 21504K, 0% used [0x000000071d600000,0x000000071d600000,0x000000071eb00000)
 ParOldGen       total 349696K, used 24K [0x00000005c0000000, 0x00000005d5580000, 0x0000000715580000)
  object space 349696K, 0% used [0x00000005c0000000,0x00000005c0006000,0x00000005d5580000)
 Metaspace       used 15599K, capacity 16220K, committed 16256K, reserved 1062912K
  class space    used 2187K, capacity 2404K, committed 2432K, reserved 1048576K
}
Event: 1.553 GC heap before
{Heap before GC invocations=3 (full 0):
 PSYoungGen      total 153088K, used 88405K [0x0000000715580000, 0x0000000728080000, 0x00000007c0000000)
  eden space 131584K, 63% used [0x0000000715580000,0x000000071a77daa0,0x000000071d600000)
  from space 21504K, 20% used [0x000000071eb00000,0x000000071ef57a70,0x0000000720000000)
  to   space 21504K, 0% used [0x000000071d600000,0x000000071d600000,0x000000071eb00000)
 ParOldGen       total 349696K, used 24K [0x00000005c0000000, 0x00000005d5580000, 0x0000000715580000)
  object space 349696K, 0% used [0x00000005c0000000,0x00000005c0006000,0x00000005d5580000)
 Metaspace       used 20327K, capacity 21162K, committed 21296K, reserved 1067008K
  class space    used 2893K, capacity 3139K, committed 3200K, reserved 1048576K
Event: 1.559 GC heap after
Heap after GC invocations=3 (full 0):
 PSYoungGen      total 153088K, used 14698K [0x0000000715580000, 0x0000000728080000, 0x00000007c0000000)
  eden space 131584K, 0% used [0x0000000715580000,0x0000000715580000,0x000000071d600000)
  from space 21504K, 68% used [0x000000071d600000,0x000000071e45a9d8,0x000000071eb00000)
  to   space 21504K, 0% used [0x0000000726b80000,0x0000000726b80000,0x0000000728080000)
 ParOldGen       total 349696K, used 32K [0x00000005c0000000, 0x00000005d5580000, 0x0000000715580000)
  object space 349696K, 0% used [0x00000005c0000000,0x00000005c0008000,0x00000005d5580000)
 Metaspace       used 20327K, capacity 21162K, committed 21296K, reserved 1067008K
  class space    used 2893K, capacity 3139K, committed 3200K, reserved 1048576K
}
Event: 1.559 GC heap before
{Heap before GC invocations=4 (full 1):
 PSYoungGen      total 153088K, used 14698K [0x0000000715580000, 0x0000000728080000, 0x00000007c0000000)
  eden space 131584K, 0% used [0x0000000715580000,0x0000000715580000,0x000000071d600000)
  from space 21504K, 68% used [0x000000071d600000,0x000000071e45a9d8,0x000000071eb00000)
  to   space 21504K, 0% used [0x0000000726b80000,0x0000000726b80000,0x0000000728080000)
 ParOldGen       total 349696K, used 32K [0x00000005c0000000, 0x00000005d5580000, 0x0000000715580000)
  object space 349696K, 0% used [0x00000005c0000000,0x00000005c0008000,0x00000005d5580000)
 Metaspace       used 20327K, capacity 21162K, committed 21296K, reserved 1067008K
  class space    used 2893K, capacity 3139K, committed 3200K, reserved 1048576K
Event: 1.577 GC heap after
Heap after GC invocations=4 (full 1):
 PSYoungGen      total 153088K, used 0K [0x0000000715580000, 0x0000000728080000, 0x00000007c0000000)
  eden space 131584K, 0% used [0x0000000715580000,0x0000000715580000,0x000000071d600000)
  from space 21504K, 0% used [0x000000071d600000,0x000000071d600000,0x000000071eb00000)
  to   space 21504K, 0% used [0x0000000726b80000,0x0000000726b80000,0x0000000728080000)
 ParOldGen       total 175104K, used 11308K [0x00000005c0000000, 0x00000005cab00000, 0x0000000715580000)
  object space 175104K, 6% used [0x00000005c0000000,0x00000005c0b0b270,0x00000005cab00000)
 Metaspace       used 20327K, capacity 21162K, committed 21296K, reserved 1067008K
  class space    used 2893K, capacity 3139K, committed 3200K, reserved 1048576K
}
Event: 19.159 GC heap before
{Heap before GC invocations=5 (full 1):
 PSYoungGen      total 153088K, used 131584K [0x0000000715580000, 0x0000000728080000, 0x00000007c0000000)
  eden space 131584K, 100% used [0x0000000715580000,0x000000071d600000,0x000000071d600000)
  from space 21504K, 0% used [0x000000071d600000,0x000000071d600000,0x000000071eb00000)
  to   space 21504K, 0% used [0x0000000726b80000,0x0000000726b80000,0x0000000728080000)
 ParOldGen       total 175104K, used 11308K [0x00000005c0000000, 0x00000005cab00000, 0x0000000715580000)
  object space 175104K, 6% used [0x00000005c0000000,0x00000005c0b0b270,0x00000005cab00000)
 Metaspace       used 24910K, capacity 26114K, committed 26240K, reserved 1071104K
  class space    used 3329K, capacity 3641K, committed 3712K, reserved 1048576K
Event: 19.169 GC heap after
Heap after GC invocations=5 (full 1):
 PSYoungGen      total 237568K, used 12753K [0x0000000715580000, 0x0000000727800000, 0x00000007c0000000)
  eden space 224768K, 0% used [0x0000000715580000,0x0000000715580000,0x0000000723100000)
  from space 12800K, 99% used [0x0000000726b80000,0x00000007277f4448,0x0000000727800000)
  to   space 21504K, 0% used [0x0000000724e00000,0x0000000724e00000,0x0000000726300000)
 ParOldGen       total 175104K, used 11316K [0x00000005c0000000, 0x00000005cab00000, 0x0000000715580000)
  object space 175104K, 6% used [0x00000005c0000000,0x00000005c0b0d270,0x00000005cab00000)
 Metaspace       used 24910K, capacity 26114K, committed 26240K, reserved 1071104K
  class space    used 3329K, capacity 3641K, committed 3712K, reserved 1048576K
}
Event: 19.380 GC heap before
{Heap before GC invocations=6 (full 1):
 PSYoungGen      total 237568K, used 237521K [0x0000000715580000, 0x0000000727800000, 0x00000007c0000000)
  eden space 224768K, 100% used [0x0000000715580000,0x0000000723100000,0x0000000723100000)
  from space 12800K, 99% used [0x0000000726b80000,0x00000007277f4448,0x0000000727800000)
  to   space 21504K, 0% used [0x0000000724e00000,0x0000000724e00000,0x0000000726300000)
 ParOldGen       total 175104K, used 11316K [0x00000005c0000000, 0x00000005cab00000, 0x0000000715580000)
  object space 175104K, 6% used [0x00000005c0000000,0x00000005c0b0d270,0x00000005cab00000)
 Metaspace       used 25028K, capacity 26176K, committed 26240K, reserved 1071104K
  class space    used 3346K, capacity 3660K, committed 3712K, reserved 1048576K
Event: 19.385 GC heap after
Heap after GC invocations=6 (full 1):
 PSYoungGen      total 275968K, used 10215K [0x0000000715580000, 0x000000072e900000, 0x00000007c0000000)
  eden space 254464K, 0% used [0x0000000715580000,0x0000000715580000,0x0000000724e00000)
  from space 21504K, 47% used [0x0000000724e00000,0x00000007257f9d30,0x0000000726300000)
  to   space 16384K, 0% used [0x000000072d900000,0x000000072d900000,0x000000072e900000)
 ParOldGen       total 175104K, used 11324K [0x00000005c0000000, 0x00000005cab00000, 0x0000000715580000)
  object space 175104K, 6% used [0x00000005c0000000,0x00000005c0b0f270,0x00000005cab00000)
 Metaspace       used 25028K, capacity 26176K, committed 26240K, reserved 1071104K
  class space    used 3346K, capacity 3660K, committed 3712K, reserved 1048576K
}

