# JRE version: Java(TM) SE Runtime Environment (8.0_66-b17) (build 1.8.0_66-b17)
# Java VM: Java HotSpot(TM) 64-Bit Server VM (25.66-b17 mixed mode bsd-amd64 compressed oops)
Heap:
 PSYoungGen      total 114688K, used 17846K [0x0000000740000000, 0x0000000748000000, 0x00000007c0000000)
  eden space 98304K, 1% used [0x0000000740000000,0x0000000740173f78,0x0000000746000000)
  from space 16384K, 99% used [0x0000000747000000,0x0000000747ff9c80,0x0000000748000000)
  to   space 16384K, 0% used [0x0000000746000000,0x0000000746000000,0x0000000747000000)
 ParOldGen       total 262144K, used 10432K [0x0000000640000000, 0x0000000650000000, 0x0000000740000000)
  object space 262144K, 3% used [0x0000000640000000,0x0000000640a300f0,0x0000000650000000)
 Metaspace       used 15610K, capacity 16070K, committed 16128K, reserved 1062912K
  class space    used 1965K, capacity 2268K, committed 2304K, reserved 1048576K
GC Heap History (4 events):
Event: 273.510 GC heap before
{Heap before GC invocations=1 (full 0):
 PSYoungGen      total 114688K, used 98304K [0x0000000740000000, 0x0000000748000000, 0x00000007c0000000)
  eden space 98304K, 100% used [0x0000000740000000,0x0000000746000000,0x0000000746000000)
  from space 16384K, 0% used [0x0000000747000000,0x0000000747000000,0x0000000748000000)
  to   space 16384K, 0% used [0x0000000746000000,0x0000000746000000,0x0000000747000000)
 ParOldGen       total 262144K, used 0K [0x0000000640000000, 0x0000000650000000, 0x0000000740000000)
  object space 262144K, 0% used [0x0000000640000000,0x0000000640000000,0x0000000650000000)
 Metaspace       used 14935K, capacity 15268K, committed 15488K, reserved 1062912K
  class space    used 1899K, capacity 2097K, committed 2176K, reserved 1048576K
Event: 273.516 GC heap after
Heap after GC invocations=1 (full 0):
 PSYoungGen      total 114688K, used 7552K [0x0000000740000000, 0x0000000748000000, 0x00000007c0000000)
  eden space 98304K, 0% used [0x0000000740000000,0x0000000740000000,0x0000000746000000)
  from space 16384K, 46% used [0x0000000746000000,0x0000000746760260,0x0000000747000000)
  to   space 16384K, 0% used [0x0000000747000000,0x0000000747000000,0x0000000748000000)
 ParOldGen       total 262144K, used 24K [0x0000000640000000, 0x0000000650000000, 0x0000000740000000)
  object space 262144K, 0% used [0x0000000640000000,0x0000000640006000,0x0000000650000000)
 Metaspace       used 14935K, capacity 15268K, committed 15488K, reserved 1062912K
  class space    used 1899K, capacity 2097K, committed 2176K, reserved 1048576K
}
Event: 45214.263 GC heap before
{Heap before GC invocations=2 (full 0):
 PSYoungGen      total 114688K, used 105856K [0x0000000740000000, 0x0000000748000000, 0x00000007c0000000)
  eden space 98304K, 99% used [0x0000000740000000,0x0000000745fffe80,0x0000000746000000)
  from space 16384K, 46% used [0x0000000746000000,0x0000000746760260,0x0000000747000000)
  to   space 16384K, 0% used [0x0000000747000000,0x0000000747000000,0x0000000748000000)
 ParOldGen       total 262144K, used 24K [0x0000000640000000, 0x0000000650000000, 0x0000000740000000)
  object space 262144K, 0% used [0x0000000640000000,0x0000000640006000,0x0000000650000000)
 Metaspace       used 15607K, capacity 16070K, committed 16128K, reserved 1062912K
  class space    used 1965K, capacity 2268K, committed 2304K, reserved 1048576K
Event: 45214.277 GC heap after
Heap after GC invocations=2 (full 0):
 PSYoungGen      total 114688K, used 16359K [0x0000000740000000, 0x0000000748000000, 0x00000007c0000000)
  eden space 98304K, 0% used [0x0000000740000000,0x0000000740000000,0x0000000746000000)
  from space 16384K, 99% used [0x0000000747000000,0x0000000747ff9c80,0x0000000748000000)
  to   space 16384K, 0% used [0x0000000746000000,0x0000000746000000,0x0000000747000000)
 ParOldGen       total 262144K, used 10432K [0x0000000640000000, 0x0000000650000000, 0x0000000740000000)
  object space 262144K, 3% used [0x0000000640000000,0x0000000640a300f0,0x0000000650000000)
 Metaspace       used 15607K, capacity 16070K, committed 16128K, reserved 1062912K
  class space    used 1965K, capacity 2268K, committed 2304K, reserved 1048576K
}

